user_public/build/app/intermediates/manifest_merge_blame_file/release/processReleaseMainManifest/manifest-merger-blame-release-report.txt
1<?xml version="1.0" encoding="utf-8"?>
2<manifest xmlns:android="http://schemas.android.com/apk/res/android"
3    package="com.example.hapticfone"
4    android:versionCode="2"
5    android:versionName="1.0.1" >
6
7    <uses-sdk
8        android:minSdkVersion="23"
9        android:targetSdkVersion="35" />
10
11    <uses-permission android:name="android.permission.INTERNET" />
11-->src/main/AndroidManifest.xml:2:1-62
11-->src/main/AndroidManifest.xml:2:18-60
12    <!--
13         Required to query activities that can process text, see:
14         https://developer.android.com/training/package-visibility and
15         https://developer.android.com/reference/android/content/Intent#ACTION_PROCESS_TEXT.
16
17         In particular, this is used by the Flutter engine in io.flutter.plugin.text.ProcessTextPlugin.
18    -->
19    <queries>
19-->src/main/AndroidManifest.xml:40:5-45:15
20        <intent>
20-->src/main/AndroidManifest.xml:41:9-44:18
21            <action android:name="android.intent.action.PROCESS_TEXT" />
21-->src/main/AndroidManifest.xml:42:13-72
21-->src/main/AndroidManifest.xml:42:21-70
22
23            <data android:mimeType="text/plain" />
23-->src/main/AndroidManifest.xml:43:13-50
23-->src/main/AndroidManifest.xml:43:19-48
24        </intent>
25        <intent>
25-->[:file_picker] AndroidManifest.xml:8:9-12:18
26            <action android:name="android.intent.action.GET_CONTENT" />
26-->[:file_picker] AndroidManifest.xml:9:13-72
26-->[:file_picker] AndroidManifest.xml:9:21-69
27
28            <data android:mimeType="*/*" />
28-->src/main/AndroidManifest.xml:43:13-50
28-->src/main/AndroidManifest.xml:43:19-48
29        </intent>
30        <intent>
30-->[com.razorpay:standard-core:1.6.52] AndroidManifest.xml:11:9-17:18
31            <action android:name="android.intent.action.VIEW" />
31-->[com.google.firebase:firebase-auth:23.2.0] AndroidManifest.xml:36:17-69
31-->[com.google.firebase:firebase-auth:23.2.0] AndroidManifest.xml:36:25-66
32
33            <data
33-->src/main/AndroidManifest.xml:43:13-50
34                android:mimeType="*/*"
34-->src/main/AndroidManifest.xml:43:19-48
35                android:scheme="*" />
36        </intent>
37        <intent>
37-->[com.razorpay:standard-core:1.6.52] AndroidManifest.xml:18:9-27:18
38            <action android:name="android.intent.action.VIEW" />
38-->[com.google.firebase:firebase-auth:23.2.0] AndroidManifest.xml:36:17-69
38-->[com.google.firebase:firebase-auth:23.2.0] AndroidManifest.xml:36:25-66
39
40            <category android:name="android.intent.category.BROWSABLE" />
40-->[com.google.firebase:firebase-auth:23.2.0] AndroidManifest.xml:39:17-78
40-->[com.google.firebase:firebase-auth:23.2.0] AndroidManifest.xml:39:27-75
41
42            <data
42-->src/main/AndroidManifest.xml:43:13-50
43                android:host="pay"
44                android:mimeType="*/*"
44-->src/main/AndroidManifest.xml:43:19-48
45                android:scheme="upi" />
46        </intent>
47        <intent>
47-->[com.razorpay:standard-core:1.6.52] AndroidManifest.xml:28:9-30:18
48            <action android:name="android.intent.action.MAIN" />
48-->src/main/AndroidManifest.xml:25:17-68
48-->src/main/AndroidManifest.xml:25:25-66
49        </intent>
50        <intent>
50-->[com.razorpay:standard-core:1.6.52] AndroidManifest.xml:31:9-35:18
51            <action android:name="android.intent.action.SEND" />
51-->[com.razorpay:standard-core:1.6.52] AndroidManifest.xml:32:13-65
51-->[com.razorpay:standard-core:1.6.52] AndroidManifest.xml:32:21-62
52
53            <data android:mimeType="*/*" />
53-->src/main/AndroidManifest.xml:43:13-50
53-->src/main/AndroidManifest.xml:43:19-48
54        </intent>
55        <intent>
55-->[com.razorpay:standard-core:1.6.52] AndroidManifest.xml:36:9-38:18
56            <action android:name="rzp.device_token.share" />
56-->[com.razorpay:standard-core:1.6.52] AndroidManifest.xml:37:13-61
56-->[com.razorpay:standard-core:1.6.52] AndroidManifest.xml:37:21-58
57        </intent>
58    </queries>
59
60    <uses-permission android:name="android.permission.WAKE_LOCK" />
60-->[:firebase_messaging] AndroidManifest.xml:8:5-68
60-->[:firebase_messaging] AndroidManifest.xml:8:22-65
61    <uses-permission android:name="android.permission.ACCESS_NETWORK_STATE" /> <!-- Permissions options for the `notification` group -->
61-->[:firebase_messaging] AndroidManifest.xml:9:5-79
61-->[:firebase_messaging] AndroidManifest.xml:9:22-76
62    <uses-permission android:name="android.permission.POST_NOTIFICATIONS" /> <!-- Required by older versions of Google Play services to create IID tokens -->
62-->[:firebase_messaging] AndroidManifest.xml:11:5-77
62-->[:firebase_messaging] AndroidManifest.xml:11:22-74
63    <uses-permission android:name="com.google.android.c2dm.permission.RECEIVE" />
63-->[com.google.firebase:firebase-messaging:24.1.1] AndroidManifest.xml:26:5-82
63-->[com.google.firebase:firebase-messaging:24.1.1] AndroidManifest.xml:26:22-79
64    <uses-permission android:name="com.google.android.providers.gsf.permission.READ_GSERVICES" />
64-->[com.google.android.recaptcha:recaptcha:18.6.1] AndroidManifest.xml:9:5-98
64-->[com.google.android.recaptcha:recaptcha:18.6.1] AndroidManifest.xml:9:22-95
65
66    <uses-feature
66-->[com.google.android.gms:play-services-maps:17.0.0] AndroidManifest.xml:26:5-28:35
67        android:glEsVersion="0x00020000"
67-->[com.google.android.gms:play-services-maps:17.0.0] AndroidManifest.xml:27:9-41
68        android:required="true" />
68-->[com.google.android.gms:play-services-maps:17.0.0] AndroidManifest.xml:28:9-32
69
70    <permission
70-->[androidx.core:core:1.15.0] AndroidManifest.xml:22:5-24:47
71        android:name="com.example.hapticfone.DYNAMIC_RECEIVER_NOT_EXPORTED_PERMISSION"
71-->[androidx.core:core:1.15.0] AndroidManifest.xml:23:9-81
72        android:protectionLevel="signature" />
72-->[androidx.core:core:1.15.0] AndroidManifest.xml:24:9-44
73
74    <uses-permission android:name="com.example.hapticfone.DYNAMIC_RECEIVER_NOT_EXPORTED_PERMISSION" />
74-->[androidx.core:core:1.15.0] AndroidManifest.xml:26:5-97
74-->[androidx.core:core:1.15.0] AndroidManifest.xml:26:22-94
75
76    <application
77        android:name="android.app.Application"
77-->src/main/AndroidManifest.xml:5:9-42
78        android:appComponentFactory="androidx.core.app.CoreComponentFactory"
78-->[androidx.core:core:1.15.0] AndroidManifest.xml:28:18-86
79        android:extractNativeLibs="false"
80        android:icon="@mipmap/ic_launcher"
80-->src/main/AndroidManifest.xml:6:9-43
81        android:label="hapticfone" >
81-->src/main/AndroidManifest.xml:4:9-35
82        <activity
82-->src/main/AndroidManifest.xml:7:9-28:20
83            android:name="com.example.hapticfone.MainActivity"
83-->src/main/AndroidManifest.xml:8:13-41
84            android:configChanges="orientation|keyboardHidden|keyboard|screenSize|smallestScreenSize|locale|layoutDirection|fontScale|screenLayout|density|uiMode"
84-->src/main/AndroidManifest.xml:13:13-163
85            android:exported="true"
85-->src/main/AndroidManifest.xml:9:13-36
86            android:hardwareAccelerated="true"
86-->src/main/AndroidManifest.xml:14:13-47
87            android:launchMode="singleTop"
87-->src/main/AndroidManifest.xml:10:13-43
88            android:taskAffinity=""
88-->src/main/AndroidManifest.xml:11:13-36
89            android:theme="@style/LaunchTheme"
89-->src/main/AndroidManifest.xml:12:13-47
90            android:windowSoftInputMode="adjustResize" >
90-->src/main/AndroidManifest.xml:15:13-55
91
92            <!--
93                 Specifies an Android theme to apply to this Activity as soon as
94                 the Android process has started. This theme is visible to the user
95                 while the Flutter UI initializes. After that, this theme continues
96                 to determine the Window background behind the Flutter UI.
97            -->
98            <meta-data
98-->src/main/AndroidManifest.xml:20:13-23:17
99                android:name="io.flutter.embedding.android.NormalTheme"
99-->src/main/AndroidManifest.xml:21:15-70
100                android:resource="@style/NormalTheme" />
100-->src/main/AndroidManifest.xml:22:15-52
101
102            <intent-filter>
102-->src/main/AndroidManifest.xml:24:13-27:29
103                <action android:name="android.intent.action.MAIN" />
103-->src/main/AndroidManifest.xml:25:17-68
103-->src/main/AndroidManifest.xml:25:25-66
104
105                <category android:name="android.intent.category.LAUNCHER" />
105-->src/main/AndroidManifest.xml:26:17-76
105-->src/main/AndroidManifest.xml:26:27-74
106            </intent-filter>
107        </activity>
108        <!--
109             Don't delete the meta-data below.
110             This is used by the Flutter tool to generate GeneratedPluginRegistrant.java
111        -->
112        <meta-data
112-->src/main/AndroidManifest.xml:31:9-33:33
113            android:name="flutterEmbedding"
113-->src/main/AndroidManifest.xml:32:13-44
114            android:value="2" />
114-->src/main/AndroidManifest.xml:33:13-30
115
116        <service
116-->[:firebase_app_check] AndroidManifest.xml:8:9-12:19
117            android:name="com.google.firebase.components.ComponentDiscoveryService"
117-->[:firebase_app_check] AndroidManifest.xml:8:18-89
118            android:directBootAware="true"
118-->[com.google.firebase:firebase-common:21.0.0] AndroidManifest.xml:32:13-43
119            android:exported="false" >
119-->[com.google.firebase:firebase-appcheck-debug:18.0.0] AndroidManifest.xml:24:13-37
120            <meta-data
120-->[:firebase_app_check] AndroidManifest.xml:9:13-11:85
121                android:name="com.google.firebase.components:io.flutter.plugins.firebase.appcheck.FlutterFirebaseAppRegistrar"
121-->[:firebase_app_check] AndroidManifest.xml:10:17-127
122                android:value="com.google.firebase.components.ComponentRegistrar" />
122-->[:firebase_app_check] AndroidManifest.xml:11:17-82
123            <meta-data
123-->[:cloud_firestore] AndroidManifest.xml:9:13-11:85
124                android:name="com.google.firebase.components:io.flutter.plugins.firebase.firestore.FlutterFirebaseFirestoreRegistrar"
124-->[:cloud_firestore] AndroidManifest.xml:10:17-134
125                android:value="com.google.firebase.components.ComponentRegistrar" />
125-->[:cloud_firestore] AndroidManifest.xml:11:17-82
126            <meta-data
126-->[:firebase_auth] AndroidManifest.xml:9:13-11:85
127                android:name="com.google.firebase.components:io.flutter.plugins.firebase.auth.FlutterFirebaseAuthRegistrar"
127-->[:firebase_auth] AndroidManifest.xml:10:17-124
128                android:value="com.google.firebase.components.ComponentRegistrar" />
128-->[:firebase_auth] AndroidManifest.xml:11:17-82
129            <meta-data
129-->[:firebase_messaging] AndroidManifest.xml:36:13-38:85
130                android:name="com.google.firebase.components:io.flutter.plugins.firebase.messaging.FlutterFirebaseAppRegistrar"
130-->[:firebase_messaging] AndroidManifest.xml:37:17-128
131                android:value="com.google.firebase.components.ComponentRegistrar" />
131-->[:firebase_messaging] AndroidManifest.xml:38:17-82
132            <meta-data
132-->[:firebase_storage] AndroidManifest.xml:9:13-11:85
133                android:name="com.google.firebase.components:io.flutter.plugins.firebase.storage.FlutterFirebaseAppRegistrar"
133-->[:firebase_storage] AndroidManifest.xml:10:17-126
134                android:value="com.google.firebase.components.ComponentRegistrar" />
134-->[:firebase_storage] AndroidManifest.xml:11:17-82
135            <meta-data
135-->[:firebase_core] AndroidManifest.xml:9:13-11:85
136                android:name="com.google.firebase.components:io.flutter.plugins.firebase.core.FlutterFirebaseCoreRegistrar"
136-->[:firebase_core] AndroidManifest.xml:10:17-124
137                android:value="com.google.firebase.components.ComponentRegistrar" />
137-->[:firebase_core] AndroidManifest.xml:11:17-82
138            <meta-data
138-->[com.google.firebase:firebase-appcheck-debug:18.0.0] AndroidManifest.xml:25:13-27:85
139                android:name="com.google.firebase.components:com.google.firebase.appcheck.debug.FirebaseAppCheckDebugRegistrar"
139-->[com.google.firebase:firebase-appcheck-debug:18.0.0] AndroidManifest.xml:26:17-128
140                android:value="com.google.firebase.components.ComponentRegistrar" />
140-->[com.google.firebase:firebase-appcheck-debug:18.0.0] AndroidManifest.xml:27:17-82
141            <meta-data
141-->[com.google.firebase:firebase-appcheck-playintegrity:18.0.0] AndroidManifest.xml:25:13-27:85
142                android:name="com.google.firebase.components:com.google.firebase.appcheck.playintegrity.FirebaseAppCheckPlayIntegrityRegistrar"
142-->[com.google.firebase:firebase-appcheck-playintegrity:18.0.0] AndroidManifest.xml:26:17-144
143                android:value="com.google.firebase.components.ComponentRegistrar" />
143-->[com.google.firebase:firebase-appcheck-playintegrity:18.0.0] AndroidManifest.xml:27:17-82
144            <meta-data
144-->[com.google.firebase:firebase-auth:23.2.0] AndroidManifest.xml:69:13-71:85
145                android:name="com.google.firebase.components:com.google.firebase.auth.FirebaseAuthRegistrar"
145-->[com.google.firebase:firebase-auth:23.2.0] AndroidManifest.xml:70:17-109
146                android:value="com.google.firebase.components.ComponentRegistrar" />
146-->[com.google.firebase:firebase-auth:23.2.0] AndroidManifest.xml:71:17-82
147            <meta-data
147-->[com.google.firebase:firebase-firestore:25.1.3] AndroidManifest.xml:17:13-19:85
148                android:name="com.google.firebase.components:com.google.firebase.firestore.FirebaseFirestoreKtxRegistrar"
148-->[com.google.firebase:firebase-firestore:25.1.3] AndroidManifest.xml:18:17-122
149                android:value="com.google.firebase.components.ComponentRegistrar" />
149-->[com.google.firebase:firebase-firestore:25.1.3] AndroidManifest.xml:19:17-82
150            <meta-data
150-->[com.google.firebase:firebase-firestore:25.1.3] AndroidManifest.xml:20:13-22:85
151                android:name="com.google.firebase.components:com.google.firebase.firestore.FirestoreRegistrar"
151-->[com.google.firebase:firebase-firestore:25.1.3] AndroidManifest.xml:21:17-111
152                android:value="com.google.firebase.components.ComponentRegistrar" />
152-->[com.google.firebase:firebase-firestore:25.1.3] AndroidManifest.xml:22:17-82
153            <meta-data
153-->[com.google.firebase:firebase-messaging:24.1.1] AndroidManifest.xml:57:13-59:85
154                android:name="com.google.firebase.components:com.google.firebase.messaging.FirebaseMessagingKtxRegistrar"
154-->[com.google.firebase:firebase-messaging:24.1.1] AndroidManifest.xml:58:17-122
155                android:value="com.google.firebase.components.ComponentRegistrar" />
155-->[com.google.firebase:firebase-messaging:24.1.1] AndroidManifest.xml:59:17-82
156            <meta-data
156-->[com.google.firebase:firebase-messaging:24.1.1] AndroidManifest.xml:60:13-62:85
157                android:name="com.google.firebase.components:com.google.firebase.messaging.FirebaseMessagingRegistrar"
157-->[com.google.firebase:firebase-messaging:24.1.1] AndroidManifest.xml:61:17-119
158                android:value="com.google.firebase.components.ComponentRegistrar" />
158-->[com.google.firebase:firebase-messaging:24.1.1] AndroidManifest.xml:62:17-82
159            <meta-data
159-->[com.google.firebase:firebase-storage:21.0.1] AndroidManifest.xml:30:13-32:85
160                android:name="com.google.firebase.components:com.google.firebase.storage.FirebaseStorageKtxRegistrar"
160-->[com.google.firebase:firebase-storage:21.0.1] AndroidManifest.xml:31:17-118
161                android:value="com.google.firebase.components.ComponentRegistrar" />
161-->[com.google.firebase:firebase-storage:21.0.1] AndroidManifest.xml:32:17-82
162            <meta-data
162-->[com.google.firebase:firebase-storage:21.0.1] AndroidManifest.xml:33:13-35:85
163                android:name="com.google.firebase.components:com.google.firebase.storage.StorageRegistrar"
163-->[com.google.firebase:firebase-storage:21.0.1] AndroidManifest.xml:34:17-107
164                android:value="com.google.firebase.components.ComponentRegistrar" />
164-->[com.google.firebase:firebase-storage:21.0.1] AndroidManifest.xml:35:17-82
165            <meta-data
165-->[com.google.firebase:firebase-appcheck-safetynet:16.1.2] AndroidManifest.xml:27:13-29:85
166                android:name="com.google.firebase.components:com.google.firebase.appcheck.safetynet.FirebaseAppCheckSafetyNetRegistrar"
166-->[com.google.firebase:firebase-appcheck-safetynet:16.1.2] AndroidManifest.xml:28:17-136
167                android:value="com.google.firebase.components.ComponentRegistrar" />
167-->[com.google.firebase:firebase-appcheck-safetynet:16.1.2] AndroidManifest.xml:29:17-82
168            <meta-data
168-->[com.google.firebase:firebase-appcheck:18.0.0] AndroidManifest.xml:25:13-27:85
169                android:name="com.google.firebase.components:com.google.firebase.appcheck.FirebaseAppCheckKtxRegistrar"
169-->[com.google.firebase:firebase-appcheck:18.0.0] AndroidManifest.xml:26:17-120
170                android:value="com.google.firebase.components.ComponentRegistrar" />
170-->[com.google.firebase:firebase-appcheck:18.0.0] AndroidManifest.xml:27:17-82
171            <meta-data
171-->[com.google.firebase:firebase-appcheck:18.0.0] AndroidManifest.xml:28:13-30:85
172                android:name="com.google.firebase.components:com.google.firebase.appcheck.FirebaseAppCheckRegistrar"
172-->[com.google.firebase:firebase-appcheck:18.0.0] AndroidManifest.xml:29:17-117
173                android:value="com.google.firebase.components.ComponentRegistrar" />
173-->[com.google.firebase:firebase-appcheck:18.0.0] AndroidManifest.xml:30:17-82
174            <meta-data
174-->[com.google.firebase:firebase-installations:18.0.0] AndroidManifest.xml:15:13-17:85
175                android:name="com.google.firebase.components:com.google.firebase.installations.FirebaseInstallationsKtxRegistrar"
175-->[com.google.firebase:firebase-installations:18.0.0] AndroidManifest.xml:16:17-130
176                android:value="com.google.firebase.components.ComponentRegistrar" />
176-->[com.google.firebase:firebase-installations:18.0.0] AndroidManifest.xml:17:17-82
177            <meta-data
177-->[com.google.firebase:firebase-installations:18.0.0] AndroidManifest.xml:18:13-20:85
178                android:name="com.google.firebase.components:com.google.firebase.installations.FirebaseInstallationsRegistrar"
178-->[com.google.firebase:firebase-installations:18.0.0] AndroidManifest.xml:19:17-127
179                android:value="com.google.firebase.components.ComponentRegistrar" />
179-->[com.google.firebase:firebase-installations:18.0.0] AndroidManifest.xml:20:17-82
180            <meta-data
180-->[com.google.firebase:firebase-common-ktx:21.0.0] AndroidManifest.xml:12:13-14:85
181                android:name="com.google.firebase.components:com.google.firebase.ktx.FirebaseCommonLegacyRegistrar"
181-->[com.google.firebase:firebase-common-ktx:21.0.0] AndroidManifest.xml:13:17-116
182                android:value="com.google.firebase.components.ComponentRegistrar" />
182-->[com.google.firebase:firebase-common-ktx:21.0.0] AndroidManifest.xml:14:17-82
183            <meta-data
183-->[com.google.firebase:firebase-common:21.0.0] AndroidManifest.xml:35:13-37:85
184                android:name="com.google.firebase.components:com.google.firebase.FirebaseCommonKtxRegistrar"
184-->[com.google.firebase:firebase-common:21.0.0] AndroidManifest.xml:36:17-109
185                android:value="com.google.firebase.components.ComponentRegistrar" />
185-->[com.google.firebase:firebase-common:21.0.0] AndroidManifest.xml:37:17-82
186            <meta-data
186-->[com.google.firebase:firebase-datatransport:18.2.0] AndroidManifest.xml:25:13-27:85
187                android:name="com.google.firebase.components:com.google.firebase.datatransport.TransportRegistrar"
187-->[com.google.firebase:firebase-datatransport:18.2.0] AndroidManifest.xml:26:17-115
188                android:value="com.google.firebase.components.ComponentRegistrar" />
188-->[com.google.firebase:firebase-datatransport:18.2.0] AndroidManifest.xml:27:17-82
189        </service>
190        <service
190-->[:firebase_messaging] AndroidManifest.xml:14:9-17:72
191            android:name="io.flutter.plugins.firebase.messaging.FlutterFirebaseMessagingBackgroundService"
191-->[:firebase_messaging] AndroidManifest.xml:15:13-107
192            android:exported="false"
192-->[:firebase_messaging] AndroidManifest.xml:16:13-37
193            android:permission="android.permission.BIND_JOB_SERVICE" />
193-->[:firebase_messaging] AndroidManifest.xml:17:13-69
194        <service
194-->[:firebase_messaging] AndroidManifest.xml:18:9-24:19
195            android:name="io.flutter.plugins.firebase.messaging.FlutterFirebaseMessagingService"
195-->[:firebase_messaging] AndroidManifest.xml:19:13-97
196            android:exported="false" >
196-->[:firebase_messaging] AndroidManifest.xml:20:13-37
197            <intent-filter>
197-->[:firebase_messaging] AndroidManifest.xml:21:13-23:29
198                <action android:name="com.google.firebase.MESSAGING_EVENT" />
198-->[:firebase_messaging] AndroidManifest.xml:22:17-78
198-->[:firebase_messaging] AndroidManifest.xml:22:25-75
199            </intent-filter>
200        </service>
201
202        <receiver
202-->[:firebase_messaging] AndroidManifest.xml:26:9-33:20
203            android:name="io.flutter.plugins.firebase.messaging.FlutterFirebaseMessagingReceiver"
203-->[:firebase_messaging] AndroidManifest.xml:27:13-98
204            android:exported="true"
204-->[:firebase_messaging] AndroidManifest.xml:28:13-36
205            android:permission="com.google.android.c2dm.permission.SEND" >
205-->[:firebase_messaging] AndroidManifest.xml:29:13-73
206            <intent-filter>
206-->[:firebase_messaging] AndroidManifest.xml:30:13-32:29
207                <action android:name="com.google.android.c2dm.intent.RECEIVE" />
207-->[:firebase_messaging] AndroidManifest.xml:31:17-81
207-->[:firebase_messaging] AndroidManifest.xml:31:25-78
208            </intent-filter>
209        </receiver>
210
211        <provider
211-->[:firebase_messaging] AndroidManifest.xml:41:9-45:38
212            android:name="io.flutter.plugins.firebase.messaging.FlutterFirebaseMessagingInitProvider"
212-->[:firebase_messaging] AndroidManifest.xml:42:13-102
213            android:authorities="com.example.hapticfone.flutterfirebasemessaginginitprovider"
213-->[:firebase_messaging] AndroidManifest.xml:43:13-88
214            android:exported="false"
214-->[:firebase_messaging] AndroidManifest.xml:44:13-37
215            android:initOrder="99" />
215-->[:firebase_messaging] AndroidManifest.xml:45:13-35
216
217        <activity
217-->[com.google.firebase:firebase-auth:23.2.0] AndroidManifest.xml:29:9-46:20
218            android:name="com.google.firebase.auth.internal.GenericIdpActivity"
218-->[com.google.firebase:firebase-auth:23.2.0] AndroidManifest.xml:30:13-80
219            android:excludeFromRecents="true"
219-->[com.google.firebase:firebase-auth:23.2.0] AndroidManifest.xml:31:13-46
220            android:exported="true"
220-->[com.google.firebase:firebase-auth:23.2.0] AndroidManifest.xml:32:13-36
221            android:launchMode="singleTask"
221-->[com.google.firebase:firebase-auth:23.2.0] AndroidManifest.xml:33:13-44
222            android:theme="@android:style/Theme.Translucent.NoTitleBar" >
222-->[com.google.firebase:firebase-auth:23.2.0] AndroidManifest.xml:34:13-72
223            <intent-filter>
223-->[com.google.firebase:firebase-auth:23.2.0] AndroidManifest.xml:35:13-45:29
224                <action android:name="android.intent.action.VIEW" />
224-->[com.google.firebase:firebase-auth:23.2.0] AndroidManifest.xml:36:17-69
224-->[com.google.firebase:firebase-auth:23.2.0] AndroidManifest.xml:36:25-66
225
226                <category android:name="android.intent.category.DEFAULT" />
226-->[com.google.firebase:firebase-auth:23.2.0] AndroidManifest.xml:38:17-76
226-->[com.google.firebase:firebase-auth:23.2.0] AndroidManifest.xml:38:27-73
227                <category android:name="android.intent.category.BROWSABLE" />
227-->[com.google.firebase:firebase-auth:23.2.0] AndroidManifest.xml:39:17-78
227-->[com.google.firebase:firebase-auth:23.2.0] AndroidManifest.xml:39:27-75
228
229                <data
229-->src/main/AndroidManifest.xml:43:13-50
230                    android:host="firebase.auth"
231                    android:path="/"
232                    android:scheme="genericidp" />
233            </intent-filter>
234        </activity>
235        <activity
235-->[com.google.firebase:firebase-auth:23.2.0] AndroidManifest.xml:47:9-64:20
236            android:name="com.google.firebase.auth.internal.RecaptchaActivity"
236-->[com.google.firebase:firebase-auth:23.2.0] AndroidManifest.xml:48:13-79
237            android:excludeFromRecents="true"
237-->[com.google.firebase:firebase-auth:23.2.0] AndroidManifest.xml:49:13-46
238            android:exported="true"
238-->[com.google.firebase:firebase-auth:23.2.0] AndroidManifest.xml:50:13-36
239            android:launchMode="singleTask"
239-->[com.google.firebase:firebase-auth:23.2.0] AndroidManifest.xml:51:13-44
240            android:theme="@android:style/Theme.Translucent.NoTitleBar" >
240-->[com.google.firebase:firebase-auth:23.2.0] AndroidManifest.xml:52:13-72
241            <intent-filter>
241-->[com.google.firebase:firebase-auth:23.2.0] AndroidManifest.xml:53:13-63:29
242                <action android:name="android.intent.action.VIEW" />
242-->[com.google.firebase:firebase-auth:23.2.0] AndroidManifest.xml:36:17-69
242-->[com.google.firebase:firebase-auth:23.2.0] AndroidManifest.xml:36:25-66
243
244                <category android:name="android.intent.category.DEFAULT" />
244-->[com.google.firebase:firebase-auth:23.2.0] AndroidManifest.xml:38:17-76
244-->[com.google.firebase:firebase-auth:23.2.0] AndroidManifest.xml:38:27-73
245                <category android:name="android.intent.category.BROWSABLE" />
245-->[com.google.firebase:firebase-auth:23.2.0] AndroidManifest.xml:39:17-78
245-->[com.google.firebase:firebase-auth:23.2.0] AndroidManifest.xml:39:27-75
246
247                <data
247-->src/main/AndroidManifest.xml:43:13-50
248                    android:host="firebase.auth"
249                    android:path="/"
250                    android:scheme="recaptcha" />
251            </intent-filter>
252        </activity>
253
254        <receiver
254-->[com.google.firebase:firebase-messaging:24.1.1] AndroidManifest.xml:29:9-40:20
255            android:name="com.google.firebase.iid.FirebaseInstanceIdReceiver"
255-->[com.google.firebase:firebase-messaging:24.1.1] AndroidManifest.xml:30:13-78
256            android:exported="true"
256-->[com.google.firebase:firebase-messaging:24.1.1] AndroidManifest.xml:31:13-36
257            android:permission="com.google.android.c2dm.permission.SEND" >
257-->[com.google.firebase:firebase-messaging:24.1.1] AndroidManifest.xml:32:13-73
258            <intent-filter>
258-->[:firebase_messaging] AndroidManifest.xml:30:13-32:29
259                <action android:name="com.google.android.c2dm.intent.RECEIVE" />
259-->[:firebase_messaging] AndroidManifest.xml:31:17-81
259-->[:firebase_messaging] AndroidManifest.xml:31:25-78
260            </intent-filter>
261
262            <meta-data
262-->[com.google.firebase:firebase-messaging:24.1.1] AndroidManifest.xml:37:13-39:40
263                android:name="com.google.android.gms.cloudmessaging.FINISHED_AFTER_HANDLED"
263-->[com.google.firebase:firebase-messaging:24.1.1] AndroidManifest.xml:38:17-92
264                android:value="true" />
264-->[com.google.firebase:firebase-messaging:24.1.1] AndroidManifest.xml:39:17-37
265        </receiver>
266        <!--
267             FirebaseMessagingService performs security checks at runtime,
268             but set to not exported to explicitly avoid allowing another app to call it.
269        -->
270        <service
270-->[com.google.firebase:firebase-messaging:24.1.1] AndroidManifest.xml:46:9-53:19
271            android:name="com.google.firebase.messaging.FirebaseMessagingService"
271-->[com.google.firebase:firebase-messaging:24.1.1] AndroidManifest.xml:47:13-82
272            android:directBootAware="true"
272-->[com.google.firebase:firebase-messaging:24.1.1] AndroidManifest.xml:48:13-43
273            android:exported="false" >
273-->[com.google.firebase:firebase-messaging:24.1.1] AndroidManifest.xml:49:13-37
274            <intent-filter android:priority="-500" >
274-->[:firebase_messaging] AndroidManifest.xml:21:13-23:29
275                <action android:name="com.google.firebase.MESSAGING_EVENT" />
275-->[:firebase_messaging] AndroidManifest.xml:22:17-78
275-->[:firebase_messaging] AndroidManifest.xml:22:25-75
276            </intent-filter>
277        </service>
278
279        <activity
279-->[com.razorpay:standard-core:1.6.52] AndroidManifest.xml:42:9-50:20
280            android:name="com.razorpay.CheckoutActivity"
280-->[com.razorpay:standard-core:1.6.52] AndroidManifest.xml:43:13-57
281            android:configChanges="keyboard|keyboardHidden|orientation|screenSize"
281-->[com.razorpay:standard-core:1.6.52] AndroidManifest.xml:44:13-83
282            android:exported="false"
282-->[com.razorpay:standard-core:1.6.52] AndroidManifest.xml:45:13-37
283            android:theme="@style/CheckoutTheme" >
283-->[com.razorpay:standard-core:1.6.52] AndroidManifest.xml:46:13-49
284            <intent-filter>
284-->[com.razorpay:standard-core:1.6.52] AndroidManifest.xml:47:13-49:29